2023-06-15 10:57:11,517 [INFO] com.aniket.AdminServiceApplication [main] Starting AdminServiceApplication using Java 17.0.7 with PID 10428 (C:\Users\Aniket\Documents\Case Study\Admin-Service\target\classes started by Aniket in C:\Users\Aniket\Documents\Case Study\Admin-Service)
2023-06-15 10:57:11,525 [INFO] com.aniket.AdminServiceApplication [main] No active profile set, falling back to 1 default profile: "default"
2023-06-15 10:57:12,159 [INFO] org.springframework.data.repository.config.RepositoryConfigurationDelegate [main] Bootstrapping Spring Data MongoDB repositories in DEFAULT mode.
2023-06-15 10:57:12,215 [INFO] org.springframework.data.repository.config.RepositoryConfigurationDelegate [main] Finished Spring Data repository scanning in 50 ms. Found 1 MongoDB repository interfaces.
2023-06-15 10:57:12,671 [INFO] org.springframework.boot.web.embedded.tomcat.TomcatWebServer [main] Tomcat initialized with port(s): 8001 (http)
2023-06-15 10:57:12,684 [INFO] org.apache.catalina.core.StandardService [main] Starting service [Tomcat]
2023-06-15 10:57:12,684 [INFO] org.apache.catalina.core.StandardEngine [main] Starting Servlet engine: [Apache Tomcat/10.1.8]
2023-06-15 10:57:12,793 [INFO] org.apache.catalina.core.ContainerBase.[Tomcat].[localhost].[/] [main] Initializing Spring embedded WebApplicationContext
2023-06-15 10:57:12,794 [INFO] org.springframework.boot.web.servlet.context.ServletWebServerApplicationContext [main] Root WebApplicationContext: initialization completed in 1219 ms
2023-06-15 10:57:13,010 [INFO] org.mongodb.driver.client [main] MongoClient with metadata {"driver": {"name": "mongo-java-driver|sync|spring-boot", "version": "4.9.1"}, "os": {"type": "Windows", "name": "Windows 11", "architecture": "amd64", "version": "10.0"}, "platform": "Java/Eclipse Adoptium/17.0.7+7"} created with settings MongoClientSettings{readPreference=primary, writeConcern=WriteConcern{w=null, wTimeout=null ms, journal=null}, retryWrites=true, retryReads=true, readConcern=ReadConcern{level=null}, credential=null, streamFactoryFactory=null, commandListeners=[], codecRegistry=ProvidersCodecRegistry{codecProviders=[ValueCodecProvider{}, BsonValueCodecProvider{}, DBRefCodecProvider{}, DBObjectCodecProvider{}, DocumentCodecProvider{}, CollectionCodecProvider{}, IterableCodecProvider{}, MapCodecProvider{}, GeoJsonCodecProvider{}, GridFSFileCodecProvider{}, Jsr310CodecProvider{}, JsonObjectCodecProvider{}, BsonCodecProvider{}, EnumCodecProvider{}, com.mongodb.client.model.mql.ExpressionCodecProvider@8aeab9e, com.mongodb.Jep395RecordCodecProvider@2a2dc0a]}, loggerSettings=LoggerSettings{maxDocumentLength=1000}, clusterSettings={hosts=[localhost:27017], srvServiceName=mongodb, mode=SINGLE, requiredClusterType=UNKNOWN, requiredReplicaSetName='null', serverSelector='null', clusterListeners='[]', serverSelectionTimeout='30000 ms', localThreshold='30000 ms'}, socketSettings=SocketSettings{connectTimeoutMS=10000, readTimeoutMS=0, receiveBufferSize=0, sendBufferSize=0}, heartbeatSocketSettings=SocketSettings{connectTimeoutMS=10000, readTimeoutMS=10000, receiveBufferSize=0, sendBufferSize=0}, connectionPoolSettings=ConnectionPoolSettings{maxSize=100, minSize=0, maxWaitTimeMS=120000, maxConnectionLifeTimeMS=0, maxConnectionIdleTimeMS=0, maintenanceInitialDelayMS=0, maintenanceFrequencyMS=60000, connectionPoolListeners=[], maxConnecting=2}, serverSettings=ServerSettings{heartbeatFrequencyMS=10000, minHeartbeatFrequencyMS=500, serverListeners='[]', serverMonitorListeners='[]'}, sslSettings=SslSettings{enabled=false, invalidHostNameAllowed=false, context=null}, applicationName='null', compressorList=[], uuidRepresentation=JAVA_LEGACY, serverApi=null, autoEncryptionSettings=null, contextProvider=null}
2023-06-15 10:57:13,030 [INFO] org.mongodb.driver.cluster [cluster-ClusterId{value='648aa1304688d91bddf2cdb4', description='null'}-localhost:27017] Monitor thread successfully connected to server with description ServerDescription{address=localhost:27017, type=STANDALONE, state=CONNECTED, ok=true, minWireVersion=0, maxWireVersion=17, maxDocumentSize=16777216, logicalSessionTimeoutMinutes=30, roundTripTimeNanos=22559700}
2023-06-15 10:57:13,642 [INFO] org.springframework.boot.web.embedded.tomcat.TomcatWebServer [main] Tomcat started on port(s): 8001 (http) with context path ''
2023-06-15 10:57:13,651 [INFO] com.aniket.AdminServiceApplication [main] Started AdminServiceApplication in 2.572 seconds (process running for 4.675)
2023-06-15 11:01:41,275 [INFO] org.apache.catalina.core.ContainerBase.[Tomcat].[localhost].[/] [http-nio-8001-exec-2] Initializing Spring DispatcherServlet 'dispatcherServlet'
2023-06-15 11:01:41,276 [INFO] org.springframework.web.servlet.DispatcherServlet [http-nio-8001-exec-2] Initializing Servlet 'dispatcherServlet'
2023-06-15 11:01:41,277 [INFO] org.springframework.web.servlet.DispatcherServlet [http-nio-8001-exec-2] Completed initialization in 1 ms
2023-06-15 13:19:25,134 [INFO] com.aniket.AdminServiceApplication [main] Starting AdminServiceApplication using Java 17.0.7 with PID 19112 (C:\Users\Aniket\Documents\Case Study\Admin-Service\target\classes started by Aniket in C:\Users\Aniket\Documents\Case Study\Admin-Service)
2023-06-15 13:19:25,137 [INFO] com.aniket.AdminServiceApplication [main] No active profile set, falling back to 1 default profile: "default"
2023-06-15 13:19:25,686 [INFO] org.springframework.data.repository.config.RepositoryConfigurationDelegate [main] Bootstrapping Spring Data MongoDB repositories in DEFAULT mode.
2023-06-15 13:19:25,739 [INFO] org.springframework.data.repository.config.RepositoryConfigurationDelegate [main] Finished Spring Data repository scanning in 47 ms. Found 1 MongoDB repository interfaces.
2023-06-15 13:19:26,193 [INFO] org.springframework.boot.web.embedded.tomcat.TomcatWebServer [main] Tomcat initialized with port(s): 8001 (http)
2023-06-15 13:19:26,206 [INFO] org.apache.catalina.core.StandardService [main] Starting service [Tomcat]
2023-06-15 13:19:26,206 [INFO] org.apache.catalina.core.StandardEngine [main] Starting Servlet engine: [Apache Tomcat/10.1.8]
2023-06-15 13:19:26,310 [INFO] org.apache.catalina.core.ContainerBase.[Tomcat].[localhost].[/] [main] Initializing Spring embedded WebApplicationContext
2023-06-15 13:19:26,311 [INFO] org.springframework.boot.web.servlet.context.ServletWebServerApplicationContext [main] Root WebApplicationContext: initialization completed in 1130 ms
2023-06-15 13:19:26,497 [INFO] org.mongodb.driver.client [main] MongoClient with metadata {"driver": {"name": "mongo-java-driver|sync|spring-boot", "version": "4.9.1"}, "os": {"type": "Windows", "name": "Windows 11", "architecture": "amd64", "version": "10.0"}, "platform": "Java/Eclipse Adoptium/17.0.7+7"} created with settings MongoClientSettings{readPreference=primary, writeConcern=WriteConcern{w=null, wTimeout=null ms, journal=null}, retryWrites=true, retryReads=true, readConcern=ReadConcern{level=null}, credential=null, streamFactoryFactory=null, commandListeners=[], codecRegistry=ProvidersCodecRegistry{codecProviders=[ValueCodecProvider{}, BsonValueCodecProvider{}, DBRefCodecProvider{}, DBObjectCodecProvider{}, DocumentCodecProvider{}, CollectionCodecProvider{}, IterableCodecProvider{}, MapCodecProvider{}, GeoJsonCodecProvider{}, GridFSFileCodecProvider{}, Jsr310CodecProvider{}, JsonObjectCodecProvider{}, BsonCodecProvider{}, EnumCodecProvider{}, com.mongodb.client.model.mql.ExpressionCodecProvider@61615b4a, com.mongodb.Jep395RecordCodecProvider@721d8ab5]}, loggerSettings=LoggerSettings{maxDocumentLength=1000}, clusterSettings={hosts=[localhost:27017], srvServiceName=mongodb, mode=SINGLE, requiredClusterType=UNKNOWN, requiredReplicaSetName='null', serverSelector='null', clusterListeners='[]', serverSelectionTimeout='30000 ms', localThreshold='30000 ms'}, socketSettings=SocketSettings{connectTimeoutMS=10000, readTimeoutMS=0, receiveBufferSize=0, sendBufferSize=0}, heartbeatSocketSettings=SocketSettings{connectTimeoutMS=10000, readTimeoutMS=10000, receiveBufferSize=0, sendBufferSize=0}, connectionPoolSettings=ConnectionPoolSettings{maxSize=100, minSize=0, maxWaitTimeMS=120000, maxConnectionLifeTimeMS=0, maxConnectionIdleTimeMS=0, maintenanceInitialDelayMS=0, maintenanceFrequencyMS=60000, connectionPoolListeners=[], maxConnecting=2}, serverSettings=ServerSettings{heartbeatFrequencyMS=10000, minHeartbeatFrequencyMS=500, serverListeners='[]', serverMonitorListeners='[]'}, sslSettings=SslSettings{enabled=false, invalidHostNameAllowed=false, context=null}, applicationName='null', compressorList=[], uuidRepresentation=JAVA_LEGACY, serverApi=null, autoEncryptionSettings=null, contextProvider=null}
2023-06-15 13:19:26,514 [INFO] org.mongodb.driver.cluster [cluster-ClusterId{value='648ac28673607455a3dc32d6', description='null'}-localhost:27017] Monitor thread successfully connected to server with description ServerDescription{address=localhost:27017, type=STANDALONE, state=CONNECTED, ok=true, minWireVersion=0, maxWireVersion=17, maxDocumentSize=16777216, logicalSessionTimeoutMinutes=30, roundTripTimeNanos=20064700}
2023-06-15 13:19:27,084 [WARN] org.springframework.boot.web.servlet.context.AnnotationConfigServletWebServerApplicationContext [main] Exception encountered during context initialization - cancelling refresh attempt: org.springframework.context.ApplicationContextException: Failed to start bean 'webServerStartStop'
2023-06-15 13:19:27,090 [INFO] org.apache.catalina.core.StandardService [main] Stopping service [Tomcat]
2023-06-15 13:19:27,104 [INFO] org.springframework.boot.autoconfigure.logging.ConditionEvaluationReportLogger [main] 

Error starting ApplicationContext. To display the condition evaluation report re-run your application with 'debug' enabled.
2023-06-15 13:19:27,124 [ERROR] org.springframework.boot.diagnostics.LoggingFailureAnalysisReporter [main] 

***************************
APPLICATION FAILED TO START
***************************

Description:

Web server failed to start. Port 8001 was already in use.

Action:

Identify and stop the process that's listening on port 8001 or configure this application to listen on another port.

2023-06-15 13:43:23,374 [INFO] org.springframework.boot.admin.SpringApplicationAdminMXBeanRegistrar$SpringApplicationAdmin [RMI TCP Connection(57)-127.0.0.1] Application shutdown requested.
2023-06-15 13:43:23,387 [INFO] org.apache.catalina.core.StandardService [RMI TCP Connection(57)-127.0.0.1] Stopping service [Tomcat]
2023-06-15 13:43:23,388 [INFO] org.apache.catalina.core.ContainerBase.[Tomcat].[localhost].[/] [RMI TCP Connection(57)-127.0.0.1] Destroying Spring FrameworkServlet 'dispatcherServlet'
2023-06-15 13:43:25,530 [INFO] com.aniket.AdminServiceApplication [main] Starting AdminServiceApplication using Java 17.0.7 with PID 6500 (C:\Users\Aniket\Documents\Case Study\Admin-Service\target\classes started by Aniket in C:\Users\Aniket\Documents\Case Study\Admin-Service)
2023-06-15 13:43:25,532 [INFO] com.aniket.AdminServiceApplication [main] No active profile set, falling back to 1 default profile: "default"
2023-06-15 13:43:26,071 [INFO] org.springframework.data.repository.config.RepositoryConfigurationDelegate [main] Bootstrapping Spring Data MongoDB repositories in DEFAULT mode.
2023-06-15 13:43:26,125 [INFO] org.springframework.data.repository.config.RepositoryConfigurationDelegate [main] Finished Spring Data repository scanning in 48 ms. Found 1 MongoDB repository interfaces.
2023-06-15 13:43:26,534 [INFO] org.springframework.boot.web.embedded.tomcat.TomcatWebServer [main] Tomcat initialized with port(s): 8001 (http)
2023-06-15 13:43:26,544 [INFO] org.apache.catalina.core.StandardService [main] Starting service [Tomcat]
2023-06-15 13:43:26,545 [INFO] org.apache.catalina.core.StandardEngine [main] Starting Servlet engine: [Apache Tomcat/10.1.8]
2023-06-15 13:43:26,640 [INFO] org.apache.catalina.core.ContainerBase.[Tomcat].[localhost].[/] [main] Initializing Spring embedded WebApplicationContext
2023-06-15 13:43:26,640 [INFO] org.springframework.boot.web.servlet.context.ServletWebServerApplicationContext [main] Root WebApplicationContext: initialization completed in 1064 ms
2023-06-15 13:43:26,827 [INFO] org.mongodb.driver.client [main] MongoClient with metadata {"driver": {"name": "mongo-java-driver|sync|spring-boot", "version": "4.9.1"}, "os": {"type": "Windows", "name": "Windows 11", "architecture": "amd64", "version": "10.0"}, "platform": "Java/Eclipse Adoptium/17.0.7+7"} created with settings MongoClientSettings{readPreference=primary, writeConcern=WriteConcern{w=null, wTimeout=null ms, journal=null}, retryWrites=true, retryReads=true, readConcern=ReadConcern{level=null}, credential=null, streamFactoryFactory=null, commandListeners=[], codecRegistry=ProvidersCodecRegistry{codecProviders=[ValueCodecProvider{}, BsonValueCodecProvider{}, DBRefCodecProvider{}, DBObjectCodecProvider{}, DocumentCodecProvider{}, CollectionCodecProvider{}, IterableCodecProvider{}, MapCodecProvider{}, GeoJsonCodecProvider{}, GridFSFileCodecProvider{}, Jsr310CodecProvider{}, JsonObjectCodecProvider{}, BsonCodecProvider{}, EnumCodecProvider{}, com.mongodb.client.model.mql.ExpressionCodecProvider@1da1380b, com.mongodb.Jep395RecordCodecProvider@1095d23a]}, loggerSettings=LoggerSettings{maxDocumentLength=1000}, clusterSettings={hosts=[localhost:27017], srvServiceName=mongodb, mode=SINGLE, requiredClusterType=UNKNOWN, requiredReplicaSetName='null', serverSelector='null', clusterListeners='[]', serverSelectionTimeout='30000 ms', localThreshold='30000 ms'}, socketSettings=SocketSettings{connectTimeoutMS=10000, readTimeoutMS=0, receiveBufferSize=0, sendBufferSize=0}, heartbeatSocketSettings=SocketSettings{connectTimeoutMS=10000, readTimeoutMS=10000, receiveBufferSize=0, sendBufferSize=0}, connectionPoolSettings=ConnectionPoolSettings{maxSize=100, minSize=0, maxWaitTimeMS=120000, maxConnectionLifeTimeMS=0, maxConnectionIdleTimeMS=0, maintenanceInitialDelayMS=0, maintenanceFrequencyMS=60000, connectionPoolListeners=[], maxConnecting=2}, serverSettings=ServerSettings{heartbeatFrequencyMS=10000, minHeartbeatFrequencyMS=500, serverListeners='[]', serverMonitorListeners='[]'}, sslSettings=SslSettings{enabled=false, invalidHostNameAllowed=false, context=null}, applicationName='null', compressorList=[], uuidRepresentation=JAVA_LEGACY, serverApi=null, autoEncryptionSettings=null, contextProvider=null}
2023-06-15 13:43:26,838 [INFO] org.mongodb.driver.cluster [cluster-ClusterId{value='648ac826a9d1177a90d055bb', description='null'}-localhost:27017] Monitor thread successfully connected to server with description ServerDescription{address=localhost:27017, type=STANDALONE, state=CONNECTED, ok=true, minWireVersion=0, maxWireVersion=17, maxDocumentSize=16777216, logicalSessionTimeoutMinutes=30, roundTripTimeNanos=19384900}
2023-06-15 13:43:27,391 [INFO] org.springframework.boot.web.embedded.tomcat.TomcatWebServer [main] Tomcat started on port(s): 8001 (http) with context path ''
2023-06-15 13:43:27,398 [INFO] com.aniket.AdminServiceApplication [main] Started AdminServiceApplication in 2.278 seconds (process running for 2.968)
2023-06-15 13:43:35,649 [INFO] org.apache.catalina.core.ContainerBase.[Tomcat].[localhost].[/] [http-nio-8001-exec-1] Initializing Spring DispatcherServlet 'dispatcherServlet'
2023-06-15 13:43:35,650 [INFO] org.springframework.web.servlet.DispatcherServlet [http-nio-8001-exec-1] Initializing Servlet 'dispatcherServlet'
2023-06-15 13:43:35,651 [INFO] org.springframework.web.servlet.DispatcherServlet [http-nio-8001-exec-1] Completed initialization in 1 ms
2023-06-15 14:12:42,659 [WARN] com.aniket.service.TrainService [http-nio-8001-exec-3] Train with the specified Id is not avvailable7
2023-06-15 14:14:44,821 [WARN] com.aniket.service.TrainService [http-nio-8001-exec-5] Train with the specified Id is not avvailable7
2023-06-15 14:14:57,787 [WARN] com.aniket.service.TrainService [http-nio-8001-exec-6] Train with the specified Id is not avvailable7
2023-06-15 14:23:23,179 [INFO] org.springframework.boot.admin.SpringApplicationAdminMXBeanRegistrar$SpringApplicationAdmin [RMI TCP Connection(48)-127.0.0.1] Application shutdown requested.
2023-06-15 14:23:23,191 [INFO] org.apache.catalina.core.StandardService [RMI TCP Connection(48)-127.0.0.1] Stopping service [Tomcat]
2023-06-15 14:23:23,193 [INFO] org.apache.catalina.core.ContainerBase.[Tomcat].[localhost].[/] [RMI TCP Connection(48)-127.0.0.1] Destroying Spring FrameworkServlet 'dispatcherServlet'
2023-06-15 14:23:25,334 [INFO] com.aniket.AdminServiceApplication [main] Starting AdminServiceApplication using Java 17.0.7 with PID 12888 (C:\Users\Aniket\Documents\Case Study\Admin-Service\target\classes started by Aniket in C:\Users\Aniket\Documents\Case Study\Admin-Service)
2023-06-15 14:23:25,337 [INFO] com.aniket.AdminServiceApplication [main] No active profile set, falling back to 1 default profile: "default"
2023-06-15 14:23:25,883 [INFO] org.springframework.data.repository.config.RepositoryConfigurationDelegate [main] Bootstrapping Spring Data MongoDB repositories in DEFAULT mode.
2023-06-15 14:23:25,938 [INFO] org.springframework.data.repository.config.RepositoryConfigurationDelegate [main] Finished Spring Data repository scanning in 50 ms. Found 1 MongoDB repository interfaces.
2023-06-15 14:23:26,398 [INFO] org.springframework.boot.web.embedded.tomcat.TomcatWebServer [main] Tomcat initialized with port(s): 8001 (http)
2023-06-15 14:23:26,409 [INFO] org.apache.catalina.core.StandardService [main] Starting service [Tomcat]
2023-06-15 14:23:26,410 [INFO] org.apache.catalina.core.StandardEngine [main] Starting Servlet engine: [Apache Tomcat/10.1.8]
2023-06-15 14:23:26,514 [INFO] org.apache.catalina.core.ContainerBase.[Tomcat].[localhost].[/] [main] Initializing Spring embedded WebApplicationContext
2023-06-15 14:23:26,515 [INFO] org.springframework.boot.web.servlet.context.ServletWebServerApplicationContext [main] Root WebApplicationContext: initialization completed in 1135 ms
2023-06-15 14:23:26,704 [INFO] org.mongodb.driver.client [main] MongoClient with metadata {"driver": {"name": "mongo-java-driver|sync|spring-boot", "version": "4.9.1"}, "os": {"type": "Windows", "name": "Windows 11", "architecture": "amd64", "version": "10.0"}, "platform": "Java/Eclipse Adoptium/17.0.7+7"} created with settings MongoClientSettings{readPreference=primary, writeConcern=WriteConcern{w=null, wTimeout=null ms, journal=null}, retryWrites=true, retryReads=true, readConcern=ReadConcern{level=null}, credential=null, streamFactoryFactory=null, commandListeners=[], codecRegistry=ProvidersCodecRegistry{codecProviders=[ValueCodecProvider{}, BsonValueCodecProvider{}, DBRefCodecProvider{}, DBObjectCodecProvider{}, DocumentCodecProvider{}, CollectionCodecProvider{}, IterableCodecProvider{}, MapCodecProvider{}, GeoJsonCodecProvider{}, GridFSFileCodecProvider{}, Jsr310CodecProvider{}, JsonObjectCodecProvider{}, BsonCodecProvider{}, EnumCodecProvider{}, com.mongodb.client.model.mql.ExpressionCodecProvider@72906e, com.mongodb.Jep395RecordCodecProvider@5529ff44]}, loggerSettings=LoggerSettings{maxDocumentLength=1000}, clusterSettings={hosts=[localhost:27017], srvServiceName=mongodb, mode=SINGLE, requiredClusterType=UNKNOWN, requiredReplicaSetName='null', serverSelector='null', clusterListeners='[]', serverSelectionTimeout='30000 ms', localThreshold='30000 ms'}, socketSettings=SocketSettings{connectTimeoutMS=10000, readTimeoutMS=0, receiveBufferSize=0, sendBufferSize=0}, heartbeatSocketSettings=SocketSettings{connectTimeoutMS=10000, readTimeoutMS=10000, receiveBufferSize=0, sendBufferSize=0}, connectionPoolSettings=ConnectionPoolSettings{maxSize=100, minSize=0, maxWaitTimeMS=120000, maxConnectionLifeTimeMS=0, maxConnectionIdleTimeMS=0, maintenanceInitialDelayMS=0, maintenanceFrequencyMS=60000, connectionPoolListeners=[], maxConnecting=2}, serverSettings=ServerSettings{heartbeatFrequencyMS=10000, minHeartbeatFrequencyMS=500, serverListeners='[]', serverMonitorListeners='[]'}, sslSettings=SslSettings{enabled=false, invalidHostNameAllowed=false, context=null}, applicationName='null', compressorList=[], uuidRepresentation=JAVA_LEGACY, serverApi=null, autoEncryptionSettings=null, contextProvider=null}
2023-06-15 14:23:26,716 [INFO] org.mongodb.driver.cluster [cluster-ClusterId{value='648ad1865ee5931a1bf73d1e', description='null'}-localhost:27017] Monitor thread successfully connected to server with description ServerDescription{address=localhost:27017, type=STANDALONE, state=CONNECTED, ok=true, minWireVersion=0, maxWireVersion=17, maxDocumentSize=16777216, logicalSessionTimeoutMinutes=30, roundTripTimeNanos=18787700}
2023-06-15 14:23:27,282 [INFO] org.springframework.boot.web.embedded.tomcat.TomcatWebServer [main] Tomcat started on port(s): 8001 (http) with context path ''
2023-06-15 14:23:27,290 [INFO] com.aniket.AdminServiceApplication [main] Started AdminServiceApplication in 2.37 seconds (process running for 3.059)
2023-06-15 14:23:32,674 [INFO] org.apache.catalina.core.ContainerBase.[Tomcat].[localhost].[/] [http-nio-8001-exec-1] Initializing Spring DispatcherServlet 'dispatcherServlet'
2023-06-15 14:23:32,674 [INFO] org.springframework.web.servlet.DispatcherServlet [http-nio-8001-exec-1] Initializing Servlet 'dispatcherServlet'
2023-06-15 14:23:32,677 [INFO] org.springframework.web.servlet.DispatcherServlet [http-nio-8001-exec-1] Completed initialization in 2 ms
2023-06-15 14:27:59,131 [INFO] org.springframework.boot.admin.SpringApplicationAdminMXBeanRegistrar$SpringApplicationAdmin [RMI TCP Connection(14)-127.0.0.1] Application shutdown requested.
2023-06-15 14:27:59,143 [INFO] org.apache.catalina.core.StandardService [RMI TCP Connection(14)-127.0.0.1] Stopping service [Tomcat]
2023-06-15 14:27:59,145 [INFO] org.apache.catalina.core.ContainerBase.[Tomcat].[localhost].[/] [RMI TCP Connection(14)-127.0.0.1] Destroying Spring FrameworkServlet 'dispatcherServlet'
